<?xml version="1.0" encoding="UTF-8"?>
<!-- Generated by org.testng.reporters.JUnitReportReporter -->
<testsuite hostname="DESKTOP-LCHMAPQ" failures="0" tests="1" name="test.regression.CapitalOneSignInTest" time="8.592" errors="0" timestamp="11 Oct 2022 15:50:52 GMT" skipped="0">
  <testcase classname="test.regression.CapitalOneSignInTest" name="TestCase_001_CoSignIn" time="8.592"/>
</testsuite> <!-- test.regression.CapitalOneSignInTest -->
