<?xml version="1.0" encoding="UTF-8"?>
<!-- Generated by org.testng.reporters.JUnitReportReporter -->
<testsuite hostname="DESKTOP-LCHMAPQ" failures="0" tests="1" name="test.regression.ShopLTKsignUpTest" time="15.286" errors="0" timestamp="12 Oct 2022 02:56:14 GMT" skipped="0">
  <testcase classname="test.regression.ShopLTKsignUpTest" name="TestCase_001_CoSignIn" time="15.286"/>
</testsuite> <!-- test.regression.ShopLTKsignUpTest -->
